\BOOKMARK [0][-]{chapter.1}{\376\377\226\366\127\372\170\100\121\145\142\113\000\040\000R}{}% 1
\BOOKMARK [1][-]{section.1.1}{\376\377\116\313\176\315}{chapter.1}% 2
\BOOKMARK [1][-]{section.1.2}{\376\377\000R\000\040\116\055\166\204\145\160\143\156\176\323\147\204}{chapter.1}% 3
\BOOKMARK [2][-]{subsection.1.2.1}{\376\377\124\021\221\317}{section.1.2}% 4
\BOOKMARK [2][-]{subsection.1.2.2}{\376\377\122\027\210\150}{section.1.2}% 5
\BOOKMARK [2][-]{subsection.1.2.3}{\376\377\167\351\226\065}{section.1.2}% 6
\BOOKMARK [2][-]{subsection.1.2.4}{\376\377\145\160\143\156\150\106}{section.1.2}% 7
\BOOKMARK [2][-]{subsection.1.2.5}{\376\377\133\120\226\306\143\320\123\326}{section.1.2}% 8
\BOOKMARK [1][-]{section.1.3}{\376\377\000R\000\040\116\055\166\204\145\160\143\156\217\223\121\145\217\223\121\372}{chapter.1}% 9
\BOOKMARK [2][-]{subsection.1.3.1}{\376\377\000R\000\040\116\055\166\204\145\160\143\156\217\223\121\145}{section.1.3}% 10
\BOOKMARK [2][-]{subsection.1.3.2}{\376\377\000R\000\040\116\055\166\204\145\160\143\156\217\223\121\372}{section.1.3}% 11
\BOOKMARK [1][-]{section.1.4}{\376\377\000R\000\040\116\055\166\204\143\247\122\066\213\355\123\345}{chapter.1}% 12
\BOOKMARK [2][-]{subsection.1.4.1}{\376\377\000i\000f\000-\000e\000l\000s\000e}{section.1.4}% 13
\BOOKMARK [2][-]{subsection.1.4.2}{\376\377\000f\000o\000r\000\040\137\252\163\257}{section.1.4}% 14
\BOOKMARK [2][-]{subsection.1.4.3}{\376\377\000w\000h\000i\000l\000e\000\040\137\252\163\257}{section.1.4}% 15
\BOOKMARK [2][-]{subsection.1.4.4}{\376\377\137\252\163\257\121\375\145\160}{section.1.4}% 16
\BOOKMARK [1][-]{section.1.5}{\376\377\131\202\117\125\121\231\000\040\000R\000\040\121\375\145\160}{chapter.1}% 17
\BOOKMARK [1][-]{section.1.6}{\376\377\131\202\117\125\127\050\000\040\000R\000\040\116\055\176\330\126\376}{chapter.1}% 18
\BOOKMARK [2][-]{subsection.1.6.1}{\376\377\000R\000\040\116\055\166\204\127\372\170\100\176\330\126\376}{section.1.6}% 19
\BOOKMARK [2][-]{subsection.1.6.2}{\376\377\000g\000g\000p\000l\000o\000t\0002}{section.1.6}% 20
\BOOKMARK [1][-]{section.1.7}{\376\377\147\011\121\163\000\040\000R\000\040\166\204\133\146\116\140\215\104\156\220}{chapter.1}% 21
\BOOKMARK [0][-]{chapter.2}{\376\377\154\102\150\071\173\227\154\325}{}% 22
\BOOKMARK [1][-]{section.2.1}{\376\377\116\313\176\315}{chapter.2}% 23
\BOOKMARK [1][-]{section.2.2}{\376\377\162\133\230\177\154\325}{chapter.2}% 24
\BOOKMARK [0][-]{chapter.3}{\376\377\117\030\123\026\173\227\154\325}{}% 25
\BOOKMARK [1][-]{section.3.1}{\376\377\116\313\176\315}{chapter.3}% 26
\BOOKMARK [1][-]{section.3.2}{\376\377\162\133\230\177\117\030\123\026\173\227\154\325}{chapter.3}% 27
\BOOKMARK [1][-]{section.3.3}{\376\377\131\032\121\103\117\030\123\026\173\227\154\325}{chapter.3}% 28
\BOOKMARK [1][-]{section.3.4}{\376\377\000N\000e\000l\000d\000e\000r\000\040\000M\000e\000a\000d\000\040\173\227\154\325}{chapter.3}% 29
\BOOKMARK [1][-]{section.3.5}{\376\377\226\217\147\072\150\257\136\246\116\013\226\115\173\227\154\325}{chapter.3}% 30
\BOOKMARK [2][-]{subsection.3.5.1}{\376\377\150\257\136\246\116\013\226\115\173\227\154\325}{section.3.5}% 31
\BOOKMARK [2][-]{subsection.3.5.2}{\376\377\226\217\147\072\150\257\136\246\116\013\226\115\173\227\154\325}{section.3.5}% 32
\BOOKMARK [1][-]{section.3.6}{\376\377\117\030\123\026\173\227\154\325\153\324\217\203}{chapter.3}% 33
\BOOKMARK [1][-]{section.3.7}{\376\377\150\110\117\213\377\032\137\303\201\017\165\305\230\204\155\113}{chapter.3}% 34
\BOOKMARK [1][-]{section.3.8}{\376\377\142\323\134\125\226\005\213\373}{chapter.3}% 35
\BOOKMARK [0][-]{chapter.4}{\376\377\142\311\146\156\142\311\145\257\217\321\117\074}{}% 36
\BOOKMARK [1][-]{section.4.1}{\376\377\116\313\176\315}{chapter.4}% 37
\BOOKMARK [1][-]{section.4.2}{\376\377\142\311\146\156\142\311\145\257\217\321\117\074}{chapter.4}% 38
\BOOKMARK [0][-]{chapter.5}{\376\377\215\035\123\366\145\257\140\035\176\364}{}% 39
\BOOKMARK [1][-]{section.5.1}{\376\377\116\313\176\315}{chapter.5}% 40
\BOOKMARK [1][-]{section.5.2}{\376\377\215\035\123\366\145\257\154\325\122\031}{chapter.5}% 41
\BOOKMARK [2][-]{subsection.5.2.1}{\376\377\147\141\116\366\151\202\163\207\124\214\215\035\123\366\145\257\154\325\122\031}{section.5.2}% 42
\BOOKMARK [2][-]{subsection.5.2.2}{\376\377\215\035\123\366\145\257\154\325\122\031\124\214\000\040\000H\000I\000V\000\040\213\312\145\255\150\300\232\214}{section.5.2}% 43
\BOOKMARK [2][-]{subsection.5.2.3}{\376\377\215\035\123\366\145\257\146\364\145\260}{section.5.2}% 44
\BOOKMARK [2][-]{subsection.5.2.4}{\376\377\230\221\163\207\133\146\155\076\124\214\215\035\123\366\145\257\133\146\155\076}{section.5.2}% 45
\BOOKMARK [1][-]{section.5.3}{\376\377\215\035\123\366\145\257\143\250\145\255}{chapter.5}% 46
\BOOKMARK [2][-]{subsection.5.3.1}{\376\377\215\035\123\366\145\257\143\250\145\255\166\204\116\000\202\054\217\307\172\013}{section.5.3}% 47
\BOOKMARK [2][-]{subsection.5.3.2}{\376\377\123\125\123\302\145\160\152\041\127\213}{section.5.3}% 48
\BOOKMARK [2][-]{subsection.5.3.3}{\376\377\131\032\123\302\145\160\152\041\127\213}{section.5.3}% 49
\BOOKMARK [0][-]{chapter.6}{\376\377\215\035\123\366\145\257\213\241\173\227\173\200\116\313}{}% 50
\BOOKMARK [1][-]{section.6.1}{\376\377\116\313\176\315}{chapter.6}% 51
\BOOKMARK [1][-]{section.6.2}{\376\377\147\000\131\047\123\026\124\016\232\214\377\010\000M\000A\000P\377\011}{chapter.6}% 52
\BOOKMARK [1][-]{section.6.3}{\376\377\215\035\123\366\145\257\116\055\137\303\147\201\226\120\133\232\164\006}{chapter.6}% 53
\BOOKMARK [1][-]{section.6.4}{\376\377\150\110\117\213\377\032\157\263\131\047\122\051\116\232\202\176\156\313\165\305\153\173\116\241\163\207\122\006\147\220}{chapter.6}% 54
\BOOKMARK [0][-]{chapter.7}{\376\377\162\354\172\313\204\231\162\171\123\141\155\033\142\275\150\067}{}% 55
\BOOKMARK [1][-]{section.7.1}{\376\377\116\313\176\315}{chapter.7}% 56
\BOOKMARK [1][-]{section.7.2}{\376\377\166\364\143\245\142\275\150\067}{chapter.7}% 57
\BOOKMARK [1][-]{section.7.3}{\376\377\142\322\176\335\142\275\150\067}{chapter.7}% 58
\BOOKMARK [2][-]{subsection.7.3.1}{\376\377\142\322\176\335\142\275\150\067\166\204\140\035\140\363}{section.7.3}% 59
\BOOKMARK [2][-]{subsection.7.3.2}{\376\377\142\322\176\335\142\275\150\067\173\227\154\325}{section.7.3}% 60
\BOOKMARK [2][-]{subsection.7.3.3}{\376\377\142\322\176\335\142\275\150\067\166\204\140\047\215\050}{section.7.3}% 61
\BOOKMARK [1][-]{section.7.4}{\376\377\221\315\211\201\140\047\142\275\150\067}{chapter.7}% 62
\BOOKMARK [0][-]{chapter.8}{\376\377\232\154\134\024\171\321\131\053\224\376\204\231\162\171\123\141\155\033\142\275\150\067}{}% 63
\BOOKMARK [1][-]{section.8.1}{\376\377\116\313\176\315}{chapter.8}% 64
\BOOKMARK [1][-]{section.8.2}{\376\377\232\154\134\024\171\321\131\053\224\376}{chapter.8}% 65
\BOOKMARK [1][-]{section.8.3}{\376\377\000M\000e\000t\000r\000o\000p\000o\000l\000i\000s\000-\000H\000a\000s\000t\000i\000n\000g\000s}{chapter.8}% 66
\BOOKMARK [2][-]{subsection.8.3.1}{\376\377\226\217\147\072\156\070\215\160\000\040\000M\000e\000t\000r\000o\000p\000o\000l\000i\000s\000-\000H\000a\000s\000t\000i\000n\000g\000s}{section.8.3}% 67
\BOOKMARK [2][-]{subsection.8.3.2}{\376\377\162\354\172\313\000\040\000M\000e\000t\000r\000o\000p\000o\000l\000i\000s\000-\000H\000a\000s\000t\000i\000n\000g\000s}{section.8.3}% 68
\BOOKMARK [1][-]{section.8.4}{\376\377\000G\000i\000b\000b\000s\000\040\142\275\150\067}{chapter.8}% 69
\BOOKMARK [1][-]{section.8.5}{\376\377\000G\000i\000b\000b\000s\000\040\142\275\150\067\116\016\000\040\000M\000e\000t\000r\000o\000p\000o\000l\000i\000s\000-\000H\000a\000s\000t\000i\000n\000g\000s\000\040\173\227\154\325\166\204\121\163\174\373}{chapter.8}% 70
\BOOKMARK [1][-]{section.8.6}{\376\377\000M\000C\000M\000C\000\040\166\204\145\066\145\133\145\110\163\207}{chapter.8}% 71
\BOOKMARK [2][-]{subsection.8.6.1}{\376\377\204\231\162\171\123\141\155\033\213\357\135\356}{section.8.6}% 72
\BOOKMARK [2][-]{subsection.8.6.2}{\376\377\147\011\145\110\150\067\147\054\221\317}{section.8.6}% 73
\BOOKMARK [1][-]{section.8.7}{\376\377\127\372\116\216\117\030\123\026\166\204\142\275\150\067\173\227\154\325}{chapter.8}% 74
\BOOKMARK [0][-]{chapter.9}{\376\377\215\035\123\366\145\257\126\336\137\122}{}% 75
\BOOKMARK [1][-]{section.9.1}{\376\377\116\313\176\315}{chapter.9}% 76
\BOOKMARK [1][-]{section.9.2}{\376\377\215\035\123\366\145\257\176\277\140\047\126\336\137\122}{chapter.9}% 77
\BOOKMARK [2][-]{subsection.9.2.1}{\376\377\152\041\127\213\137\142\137\017}{section.9.2}% 78
\BOOKMARK [2][-]{subsection.9.2.2}{\376\377\117\074\161\066\121\375\145\160}{section.9.2}% 79
\BOOKMARK [2][-]{subsection.9.2.3}{\376\377\121\110\232\214\122\006\136\003}{section.9.2}% 80
\BOOKMARK [2][-]{subsection.9.2.4}{\376\377\124\016\232\214\122\006\136\003}{section.9.2}% 81
\BOOKMARK [2][-]{subsection.9.2.5}{\376\377\124\016\232\214\143\250\145\255}{section.9.2}% 82
\BOOKMARK [1][-]{section.9.3}{\376\377\215\035\123\366\145\257\136\177\116\111\176\277\140\047\126\336\137\122}{chapter.9}% 83
\BOOKMARK [2][-]{subsection.9.3.1}{\376\377\152\041\127\213\137\142\137\017}{section.9.3}% 84
\BOOKMARK [2][-]{subsection.9.3.2}{\376\377\117\074\161\066\121\375\145\160}{section.9.3}% 85
\BOOKMARK [2][-]{subsection.9.3.3}{\376\377\121\110\232\214\122\006\136\003}{section.9.3}% 86
\BOOKMARK [2][-]{subsection.9.3.4}{\376\377\124\016\232\214\122\006\136\003}{section.9.3}% 87
\BOOKMARK [2][-]{subsection.9.3.5}{\376\377\124\016\232\214\143\250\145\255}{section.9.3}% 88
\BOOKMARK [1][-]{section.9.4}{\376\377\150\110\117\213\377\032\117\123\201\002\137\161\124\315\126\340\175\040\122\006\147\220}{chapter.9}% 89
\BOOKMARK [0][-]{chapter.10}{\376\377\163\260\116\343\176\277\140\047\116\343\145\160\145\271\154\325}{}% 90
\BOOKMARK [1][-]{section.10.1}{\376\377\116\313\176\315}{chapter.10}% 91
\BOOKMARK [1][-]{section.10.2}{\376\377\162\171\137\201\122\006\211\343}{chapter.10}% 92
\BOOKMARK [2][-]{subsection.10.2.1}{\376\377\162\171\137\201\122\006\147\220}{section.10.2}% 93
\BOOKMARK [2][-]{subsection.10.2.2}{\376\377\167\351\226\065\166\204\162\171\137\201\122\006\211\343\217\307\172\013}{section.10.2}% 94
\BOOKMARK [2][-]{subsection.10.2.3}{\376\377\162\171\137\201\122\006\211\343\123\357\116\345\136\056\122\251\142\021\116\354\120\132\116\300\116\110\377\037}{section.10.2}% 95
\BOOKMARK [1][-]{section.10.3}{\376\377\131\107\137\002\120\074\122\006\211\343}{chapter.10}% 96
\BOOKMARK [2][-]{subsection.10.3.1}{\376\377\131\107\137\002\120\074\377\010\000S\000i\000n\000g\000u\000l\000a\000r\000\040\000v\000a\000l\000u\000e\000s\377\011\124\214\131\107\137\002\124\021\221\317\377\010\000S\000i\000n\000g\000u\000l\000a\000r\000\040\000v\000e\000c\000t\000o\000r\000s\377\011}{section.10.3}% 97
\BOOKMARK [2][-]{subsection.10.3.2}{\376\377\131\107\137\002\120\074\122\006\211\343}{section.10.3}% 98
\BOOKMARK [2][-]{subsection.10.3.3}{\376\377\131\107\137\002\120\074\122\006\211\343\166\204\116\000\116\233\140\047\215\050}{section.10.3}% 99
\BOOKMARK [1][-]{section.10.4}{\376\377\131\107\137\002\120\074\122\006\211\343\166\204\136\224\165\050}{chapter.10}% 100
\BOOKMARK [2][-]{subsection.10.4.1}{\376\377\167\351\226\065\166\204\117\116\171\351\117\060\213\241}{section.10.4}% 101
\BOOKMARK [2][-]{subsection.10.4.2}{\376\377\126\376\120\317\123\213\177\051}{section.10.4}% 102
\BOOKMARK [2][-]{subsection.10.4.3}{\376\377\117\052\220\006}{section.10.4}% 103
\BOOKMARK [2][-]{subsection.10.4.4}{\376\377\146\362\176\277\142\337\124\010}{section.10.4}% 104
\BOOKMARK [1][-]{section.10.5}{\376\377\145\160\120\074\145\271\154\325}{chapter.10}% 105
\BOOKMARK [2][-]{subsection.10.5.1}{\376\377\136\102\145\271\154\325\377\010\000P\000o\000w\000e\000r\000\040\000m\000e\000t\000h\000o\000d\377\011}{section.10.5}% 106
\BOOKMARK [2][-]{subsection.10.5.2}{\376\377\000Q\000R\000\040\173\227\154\325}{section.10.5}% 107
\BOOKMARK [1][-]{section.10.6}{\376\377\150\110\117\213\377\032\214\067\153\114\230\165\227\142\143\222\136\217\377\010\000P\000a\000g\000e\000R\000a\000n\000k\377\011\173\227\154\325}{chapter.10}% 108
\BOOKMARK [1][-]{section.10.7}{\376\377\150\110\117\213\377\032\000S\000V\000D\000\040\122\251\122\233\116\222\200\124\177\121\144\034\175\042}{chapter.10}% 109
